<?xml version="1.0" encoding="UTF-8"?>
<!-- Generated by org.testng.reporters.JUnitXMLReporter -->
<testsuite hostname="AMALPURE2L" failures="2" tests="4" name="internet Banking test" time="31.15" errors="0" timestamp="17 May 2021 10:51:16 GMT">
  <testcase classname="com.intetbanking.testCases.TC_002_DDT_Login" name="DDT_login" time="10.003"/>
  <testcase classname="com.intetbanking.testCases.TC_002_DDT_Login" name="DDT_login" time="5.077">
    <failure type="java.lang.AssertionError" message="expected [true] but found [false]">
      <![CDATA[java.lang.AssertionError: expected [true] but found [false]
	at com.intetbanking.testCases.TC_002_DDT_Login.DDT_login(TC_002_DDT_Login.java:30)
... Removed 28 stack frames]]>
    </failure>
  </testcase> <!-- DDT_login -->
  <testcase classname="com.intetbanking.testCases.TC_002_DDT_Login" name="DDT_login" time="7.845"/>
  <testcase classname="com.intetbanking.testCases.TC_002_DDT_Login" name="DDT_login" time="4.403">
    <failure type="java.lang.AssertionError" message="expected [true] but found [false]">
      <![CDATA[java.lang.AssertionError: expected [true] but found [false]
	at com.intetbanking.testCases.TC_002_DDT_Login.DDT_login(TC_002_DDT_Login.java:30)
... Removed 28 stack frames]]>
    </failure>
  </testcase> <!-- DDT_login -->
</testsuite> <!-- internet Banking test -->
